Removed Pin From Net: NetName=GND Pin=P1-1
Removed Pin From Net: NetName=3V3 Pin=P1-4
Removed Pin From Net: NetName=IO1 Pin=P2-1
Removed Pin From Net: NetName=IO2 Pin=P2-2
Removed Pin From Net: NetName=IO3 Pin=P2-3
Removed Pin From Net: NetName=IO4 Pin=P2-4
Removed Pin From Net: NetName=IO5 Pin=P2-5
Removed Pin From Net: NetName=IO6 Pin=P2-6
Removed Pin From Net: NetName=IO7 Pin=P2-7
Removed Pin From Net: NetName=IO9 Pin=P2-8
Removed Pin From Net: NetName=IO10 Pin=P2-9
Removed Pin From Net: NetName=5V0 Pin=P2-10
Removed Pin From Net: NetName=3V3 Pin=P2-11
Removed Pin From Net: NetName=GND Pin=P2-12
Removed Pin From Net: NetName=NetP1_2 Pin=U1-11
Removed Pin From Net: NetName=NetP1_3 Pin=U1-12
Added Pin To Net: NetName=3V3 Pin=P1-1
Added Pin To Net: NetName=GND Pin=P1-4
Added Pin To Net: NetName=GND Pin=P2-1
Added Pin To Net: NetName=3V3 Pin=P2-2
Added Pin To Net: NetName=5V0 Pin=P2-3
Added Pin To Net: NetName=IO10 Pin=P2-4
Added Pin To Net: NetName=IO9 Pin=P2-5
Added Pin To Net: NetName=IO7 Pin=P2-6
Added Pin To Net: NetName=IO6 Pin=P2-7
Added Pin To Net: NetName=IO5 Pin=P2-8
Added Pin To Net: NetName=IO4 Pin=P2-9
Added Pin To Net: NetName=IO3 Pin=P2-10
Added Pin To Net: NetName=IO2 Pin=P2-11
Added Pin To Net: NetName=IO1 Pin=P2-12
Added Pin To Net: NetName=NetP1_3 Pin=U1-11
Added Pin To Net: NetName=NetP1_2 Pin=U1-12
